<?xml version="1.0" encoding="UTF-8"?>
<testsuite xmlns:xsi="http://www.w3.org/2001/XMLSchema-instance" xsi:noNamespaceSchemaLocation="https://maven.apache.org/surefire/maven-surefire-plugin/xsd/surefire-test-report.xsd" name="fr.af.offerpoc.service.OfferMappingUserTest" time="30.916" tests="2" errors="0" skipped="0" failures="0">
  <properties>
    <property name="sun.desktop" value="windows"/>
    <property name="awt.toolkit" value="sun.awt.windows.WToolkit"/>
    <property name="file.encoding.pkg" value="sun.io"/>
    <property name="java.specification.version" value="1.8"/>
    <property name="sun.cpu.isalist" value="amd64"/>
    <property name="sun.jnu.encoding" value="Cp1252"/>
    <property name="java.class.path" value="D:\Workspace\OfferTechnicalTest\target\test-classes;D:\Workspace\OfferTechnicalTest\target\classes;D:\melusine\Maven\repository\org\springframework\boot\spring-boot-starter-web\2.0.5.RELEASE\spring-boot-starter-web-2.0.5.RELEASE.jar;D:\melusine\Maven\repository\org\springframework\boot\spring-boot-starter\2.0.5.RELEASE\spring-boot-starter-2.0.5.RELEASE.jar;D:\melusine\Maven\repository\org\springframework\boot\spring-boot-starter-logging\2.0.5.RELEASE\spring-boot-starter-logging-2.0.5.RELEASE.jar;D:\melusine\Maven\repository\ch\qos\logback\logback-classic\1.2.3\logback-classic-1.2.3.jar;D:\melusine\Maven\repository\org\apache\logging\log4j\log4j-to-slf4j\2.10.0\log4j-to-slf4j-2.10.0.jar;D:\melusine\Maven\repository\org\apache\logging\log4j\log4j-api\2.10.0\log4j-api-2.10.0.jar;D:\melusine\Maven\repository\org\slf4j\jul-to-slf4j\1.7.25\jul-to-slf4j-1.7.25.jar;D:\melusine\Maven\repository\javax\annotation\javax.annotation-api\1.3.2\javax.annotation-api-1.3.2.jar;D:\melusine\Maven\repository\org\yaml\snakeyaml\1.19\snakeyaml-1.19.jar;D:\melusine\Maven\repository\org\springframework\boot\spring-boot-starter-json\2.0.5.RELEASE\spring-boot-starter-json-2.0.5.RELEASE.jar;D:\melusine\Maven\repository\com\fasterxml\jackson\datatype\jackson-datatype-jdk8\2.9.6\jackson-datatype-jdk8-2.9.6.jar;D:\melusine\Maven\repository\com\fasterxml\jackson\datatype\jackson-datatype-jsr310\2.9.6\jackson-datatype-jsr310-2.9.6.jar;D:\melusine\Maven\repository\com\fasterxml\jackson\module\jackson-module-parameter-names\2.9.6\jackson-module-parameter-names-2.9.6.jar;D:\melusine\Maven\repository\org\springframework\boot\spring-boot-starter-tomcat\2.0.5.RELEASE\spring-boot-starter-tomcat-2.0.5.RELEASE.jar;D:\melusine\Maven\repository\org\apache\tomcat\embed\tomcat-embed-core\8.5.34\tomcat-embed-core-8.5.34.jar;D:\melusine\Maven\repository\org\apache\tomcat\embed\tomcat-embed-el\8.5.34\tomcat-embed-el-8.5.34.jar;D:\melusine\Maven\repository\org\apache\tomcat\embed\tomcat-embed-websocket\8.5.34\tomcat-embed-websocket-8.5.34.jar;D:\melusine\Maven\repository\org\springframework\spring-web\5.0.9.RELEASE\spring-web-5.0.9.RELEASE.jar;D:\melusine\Maven\repository\org\springframework\spring-beans\5.0.9.RELEASE\spring-beans-5.0.9.RELEASE.jar;D:\melusine\Maven\repository\org\springframework\spring-webmvc\5.0.9.RELEASE\spring-webmvc-5.0.9.RELEASE.jar;D:\melusine\Maven\repository\org\springframework\spring-context\5.0.9.RELEASE\spring-context-5.0.9.RELEASE.jar;D:\melusine\Maven\repository\org\springframework\spring-expression\5.0.9.RELEASE\spring-expression-5.0.9.RELEASE.jar;D:\melusine\Maven\repository\org\springframework\boot\spring-boot-starter-aop\2.0.5.RELEASE\spring-boot-starter-aop-2.0.5.RELEASE.jar;D:\melusine\Maven\repository\org\springframework\spring-aop\5.0.9.RELEASE\spring-aop-5.0.9.RELEASE.jar;D:\melusine\Maven\repository\org\aspectj\aspectjweaver\1.8.13\aspectjweaver-1.8.13.jar;D:\melusine\Maven\repository\org\springframework\boot\spring-boot-starter-data-jpa\2.0.5.RELEASE\spring-boot-starter-data-jpa-2.0.5.RELEASE.jar;D:\melusine\Maven\repository\org\springframework\boot\spring-boot-starter-jdbc\2.0.5.RELEASE\spring-boot-starter-jdbc-2.0.5.RELEASE.jar;D:\melusine\Maven\repository\com\zaxxer\HikariCP\2.7.9\HikariCP-2.7.9.jar;D:\melusine\Maven\repository\org\springframework\spring-jdbc\5.0.9.RELEASE\spring-jdbc-5.0.9.RELEASE.jar;D:\melusine\Maven\repository\javax\transaction\javax.transaction-api\1.2\javax.transaction-api-1.2.jar;D:\melusine\Maven\repository\org\hibernate\hibernate-core\5.2.17.Final\hibernate-core-5.2.17.Final.jar;D:\melusine\Maven\repository\org\hibernate\javax\persistence\hibernate-jpa-2.1-api\1.0.2.Final\hibernate-jpa-2.1-api-1.0.2.Final.jar;D:\melusine\Maven\repository\org\javassist\javassist\3.22.0-GA\javassist-3.22.0-GA.jar;D:\melusine\Maven\repository\antlr\antlr\2.7.7\antlr-2.7.7.jar;D:\melusine\Maven\repository\org\jboss\jandex\2.0.3.Final\jandex-2.0.3.Final.jar;D:\melusine\Maven\repository\dom4j\dom4j\1.6.1\dom4j-1.6.1.jar;D:\melusine\Maven\repository\org\hibernate\common\hibernate-commons-annotations\5.0.1.Final\hibernate-commons-annotations-5.0.1.Final.jar;D:\melusine\Maven\repository\org\springframework\data\spring-data-jpa\2.0.10.RELEASE\spring-data-jpa-2.0.10.RELEASE.jar;D:\melusine\Maven\repository\org\springframework\data\spring-data-commons\2.0.10.RELEASE\spring-data-commons-2.0.10.RELEASE.jar;D:\melusine\Maven\repository\org\springframework\spring-orm\5.0.9.RELEASE\spring-orm-5.0.9.RELEASE.jar;D:\melusine\Maven\repository\org\springframework\spring-tx\5.0.9.RELEASE\spring-tx-5.0.9.RELEASE.jar;D:\melusine\Maven\repository\org\springframework\spring-aspects\5.0.9.RELEASE\spring-aspects-5.0.9.RELEASE.jar;D:\melusine\Maven\repository\org\springframework\boot\spring-boot-starter-actuator\2.0.5.RELEASE\spring-boot-starter-actuator-2.0.5.RELEASE.jar;D:\melusine\Maven\repository\org\springframework\boot\spring-boot-actuator-autoconfigure\2.0.5.RELEASE\spring-boot-actuator-autoconfigure-2.0.5.RELEASE.jar;D:\melusine\Maven\repository\org\springframework\boot\spring-boot-actuator\2.0.5.RELEASE\spring-boot-actuator-2.0.5.RELEASE.jar;D:\melusine\Maven\repository\io\micrometer\micrometer-core\1.0.6\micrometer-core-1.0.6.jar;D:\melusine\Maven\repository\org\hdrhistogram\HdrHistogram\2.1.10\HdrHistogram-2.1.10.jar;D:\melusine\Maven\repository\org\latencyutils\LatencyUtils\2.0.3\LatencyUtils-2.0.3.jar;D:\melusine\Maven\repository\io\micrometer\micrometer-registry-prometheus\1.0.6\micrometer-registry-prometheus-1.0.6.jar;D:\melusine\Maven\repository\io\prometheus\simpleclient_common\0.4.0\simpleclient_common-0.4.0.jar;D:\melusine\Maven\repository\io\prometheus\simpleclient\0.4.0\simpleclient-0.4.0.jar;D:\melusine\Maven\repository\org\springframework\cloud\spring-cloud-starter-netflix-hystrix\2.0.1.RELEASE\spring-cloud-starter-netflix-hystrix-2.0.1.RELEASE.jar;D:\melusine\Maven\repository\org\springframework\cloud\spring-cloud-starter\2.0.1.RELEASE\spring-cloud-starter-2.0.1.RELEASE.jar;D:\melusine\Maven\repository\org\springframework\cloud\spring-cloud-context\2.0.1.RELEASE\spring-cloud-context-2.0.1.RELEASE.jar;D:\melusine\Maven\repository\org\springframework\security\spring-security-crypto\5.0.8.RELEASE\spring-security-crypto-5.0.8.RELEASE.jar;D:\melusine\Maven\repository\org\springframework\cloud\spring-cloud-commons\2.0.1.RELEASE\spring-cloud-commons-2.0.1.RELEASE.jar;D:\melusine\Maven\repository\org\springframework\security\spring-security-rsa\1.0.5.RELEASE\spring-security-rsa-1.0.5.RELEASE.jar;D:\melusine\Maven\repository\org\bouncycastle\bcpkix-jdk15on\1.56\bcpkix-jdk15on-1.56.jar;D:\melusine\Maven\repository\org\bouncycastle\bcprov-jdk15on\1.56\bcprov-jdk15on-1.56.jar;D:\melusine\Maven\repository\org\springframework\cloud\spring-cloud-netflix-core\2.0.1.RELEASE\spring-cloud-netflix-core-2.0.1.RELEASE.jar;D:\melusine\Maven\repository\org\springframework\cloud\spring-cloud-netflix-ribbon\2.0.1.RELEASE\spring-cloud-netflix-ribbon-2.0.1.RELEASE.jar;D:\melusine\Maven\repository\org\springframework\cloud\spring-cloud-netflix-archaius\2.0.1.RELEASE\spring-cloud-netflix-archaius-2.0.1.RELEASE.jar;D:\melusine\Maven\repository\org\springframework\cloud\spring-cloud-starter-netflix-archaius\2.0.1.RELEASE\spring-cloud-starter-netflix-archaius-2.0.1.RELEASE.jar;D:\melusine\Maven\repository\com\netflix\archaius\archaius-core\0.7.6\archaius-core-0.7.6.jar;D:\melusine\Maven\repository\com\google\code\findbugs\jsr305\3.0.1\jsr305-3.0.1.jar;D:\melusine\Maven\repository\commons-configuration\commons-configuration\1.8\commons-configuration-1.8.jar;D:\melusine\Maven\repository\commons-lang\commons-lang\2.6\commons-lang-2.6.jar;D:\melusine\Maven\repository\com\netflix\hystrix\hystrix-core\1.5.12\hystrix-core-1.5.12.jar;D:\melusine\Maven\repository\io\reactivex\rxjava\1.3.8\rxjava-1.3.8.jar;D:\melusine\Maven\repository\com\netflix\hystrix\hystrix-serialization\1.5.12\hystrix-serialization-1.5.12.jar;D:\melusine\Maven\repository\com\fasterxml\jackson\module\jackson-module-afterburner\2.9.6\jackson-module-afterburner-2.9.6.jar;D:\melusine\Maven\repository\com\fasterxml\jackson\core\jackson-core\2.9.6\jackson-core-2.9.6.jar;D:\melusine\Maven\repository\com\fasterxml\jackson\core\jackson-annotations\2.9.0\jackson-annotations-2.9.0.jar;D:\melusine\Maven\repository\com\netflix\hystrix\hystrix-metrics-event-stream\1.5.12\hystrix-metrics-event-stream-1.5.12.jar;D:\melusine\Maven\repository\com\netflix\hystrix\hystrix-javanica\1.5.12\hystrix-javanica-1.5.12.jar;D:\melusine\Maven\repository\org\ow2\asm\asm\5.0.4\asm-5.0.4.jar;D:\melusine\Maven\repository\io\reactivex\rxjava-reactive-streams\1.2.1\rxjava-reactive-streams-1.2.1.jar;D:\melusine\Maven\repository\org\reactivestreams\reactive-streams\1.0.2\reactive-streams-1.0.2.jar;D:\melusine\Maven\repository\org\flywaydb\flyway-core\5.0.7\flyway-core-5.0.7.jar;D:\melusine\Maven\repository\org\springframework\boot\spring-boot-devtools\2.0.5.RELEASE\spring-boot-devtools-2.0.5.RELEASE.jar;D:\melusine\Maven\repository\org\springframework\boot\spring-boot\2.0.5.RELEASE\spring-boot-2.0.5.RELEASE.jar;D:\melusine\Maven\repository\org\springframework\boot\spring-boot-autoconfigure\2.0.5.RELEASE\spring-boot-autoconfigure-2.0.5.RELEASE.jar;D:\melusine\Maven\repository\org\springframework\boot\spring-boot-configuration-processor\2.0.5.RELEASE\spring-boot-configuration-processor-2.0.5.RELEASE.jar;D:\melusine\Maven\repository\org\springframework\boot\spring-boot-starter-test\2.0.5.RELEASE\spring-boot-starter-test-2.0.5.RELEASE.jar;D:\melusine\Maven\repository\org\springframework\boot\spring-boot-test\2.0.5.RELEASE\spring-boot-test-2.0.5.RELEASE.jar;D:\melusine\Maven\repository\org\springframework\boot\spring-boot-test-autoconfigure\2.0.5.RELEASE\spring-boot-test-autoconfigure-2.0.5.RELEASE.jar;D:\melusine\Maven\repository\com\jayway\jsonpath\json-path\2.4.0\json-path-2.4.0.jar;D:\melusine\Maven\repository\net\minidev\json-smart\2.3\json-smart-2.3.jar;D:\melusine\Maven\repository\net\minidev\accessors-smart\1.2\accessors-smart-1.2.jar;D:\melusine\Maven\repository\junit\junit\4.12\junit-4.12.jar;D:\melusine\Maven\repository\org\assertj\assertj-core\3.9.1\assertj-core-3.9.1.jar;D:\melusine\Maven\repository\org\mockito\mockito-core\2.15.0\mockito-core-2.15.0.jar;D:\melusine\Maven\repository\net\bytebuddy\byte-buddy\1.7.11\byte-buddy-1.7.11.jar;D:\melusine\Maven\repository\net\bytebuddy\byte-buddy-agent\1.7.11\byte-buddy-agent-1.7.11.jar;D:\melusine\Maven\repository\org\objenesis\objenesis\2.6\objenesis-2.6.jar;D:\melusine\Maven\repository\org\hamcrest\hamcrest-core\1.3\hamcrest-core-1.3.jar;D:\melusine\Maven\repository\org\hamcrest\hamcrest-library\1.3\hamcrest-library-1.3.jar;D:\melusine\Maven\repository\org\skyscreamer\jsonassert\1.5.0\jsonassert-1.5.0.jar;D:\melusine\Maven\repository\com\vaadin\external\google\android-json\0.0.20131108.vaadin1\android-json-0.0.20131108.vaadin1.jar;D:\melusine\Maven\repository\org\springframework\spring-core\5.0.9.RELEASE\spring-core-5.0.9.RELEASE.jar;D:\melusine\Maven\repository\org\springframework\spring-jcl\5.0.9.RELEASE\spring-jcl-5.0.9.RELEASE.jar;D:\melusine\Maven\repository\org\springframework\spring-test\5.0.9.RELEASE\spring-test-5.0.9.RELEASE.jar;D:\melusine\Maven\repository\org\xmlunit\xmlunit-core\2.5.1\xmlunit-core-2.5.1.jar;D:\melusine\Maven\repository\com\h2database\h2\1.4.197\h2-1.4.197.jar;D:\melusine\Maven\repository\mysql\mysql-connector-java\5.1.47\mysql-connector-java-5.1.47.jar;D:\melusine\Maven\repository\org\postgresql\postgresql\42.2.5\postgresql-42.2.5.jar;D:\melusine\Maven\repository\org\projectlombok\lombok\1.16.22\lombok-1.16.22.jar;D:\melusine\Maven\repository\net\logstash\logback\logstash-logback-encoder\4.9\logstash-logback-encoder-4.9.jar;D:\melusine\Maven\repository\ch\qos\logback\logback-core\1.2.3\logback-core-1.2.3.jar;D:\melusine\Maven\repository\com\fasterxml\jackson\core\jackson-databind\2.9.6\jackson-databind-2.9.6.jar;D:\melusine\Maven\repository\io\springfox\springfox-swagger2\2.9.2\springfox-swagger2-2.9.2.jar;D:\melusine\Maven\repository\io\swagger\swagger-annotations\1.5.20\swagger-annotations-1.5.20.jar;D:\melusine\Maven\repository\io\swagger\swagger-models\1.5.20\swagger-models-1.5.20.jar;D:\melusine\Maven\repository\io\springfox\springfox-spi\2.9.2\springfox-spi-2.9.2.jar;D:\melusine\Maven\repository\io\springfox\springfox-core\2.9.2\springfox-core-2.9.2.jar;D:\melusine\Maven\repository\io\springfox\springfox-schema\2.9.2\springfox-schema-2.9.2.jar;D:\melusine\Maven\repository\io\springfox\springfox-swagger-common\2.9.2\springfox-swagger-common-2.9.2.jar;D:\melusine\Maven\repository\io\springfox\springfox-spring-web\2.9.2\springfox-spring-web-2.9.2.jar;D:\melusine\Maven\repository\com\google\guava\guava\20.0\guava-20.0.jar;D:\melusine\Maven\repository\com\fasterxml\classmate\1.3.4\classmate-1.3.4.jar;D:\melusine\Maven\repository\org\slf4j\slf4j-api\1.7.25\slf4j-api-1.7.25.jar;D:\melusine\Maven\repository\org\springframework\plugin\spring-plugin-core\1.2.0.RELEASE\spring-plugin-core-1.2.0.RELEASE.jar;D:\melusine\Maven\repository\org\springframework\plugin\spring-plugin-metadata\1.2.0.RELEASE\spring-plugin-metadata-1.2.0.RELEASE.jar;D:\melusine\Maven\repository\org\mapstruct\mapstruct\1.2.0.Final\mapstruct-1.2.0.Final.jar;D:\melusine\Maven\repository\io\springfox\springfox-swagger-ui\2.9.2\springfox-swagger-ui-2.9.2.jar;D:\melusine\Maven\repository\org\testcontainers\postgresql\1.8.3\postgresql-1.8.3.jar;D:\melusine\Maven\repository\org\testcontainers\jdbc\1.8.3\jdbc-1.8.3.jar;D:\melusine\Maven\repository\org\testcontainers\database-commons\1.8.3\database-commons-1.8.3.jar;D:\melusine\Maven\repository\org\testcontainers\testcontainers\1.8.3\testcontainers-1.8.3.jar;D:\melusine\Maven\repository\org\slf4j\slf4j-ext\1.7.25\slf4j-ext-1.7.25.jar;D:\melusine\Maven\repository\org\jetbrains\annotations\15.0\annotations-15.0.jar;D:\melusine\Maven\repository\org\apache\commons\commons-compress\1.16.1\commons-compress-1.16.1.jar;D:\melusine\Maven\repository\javax\xml\bind\jaxb-api\2.3.0\jaxb-api-2.3.0.jar;D:\melusine\Maven\repository\org\rnorth\duct-tape\duct-tape\1.0.7\duct-tape-1.0.7.jar;D:\melusine\Maven\repository\org\rnorth\visible-assertions\visible-assertions\2.1.1\visible-assertions-2.1.1.jar;D:\melusine\Maven\repository\net\java\dev\jna\jna\4.5.2\jna-4.5.2.jar;D:\melusine\Maven\repository\org\rnorth\tcp-unix-socket-proxy\1.0.2\tcp-unix-socket-proxy-1.0.2.jar;D:\melusine\Maven\repository\com\kohlschutter\junixsocket\junixsocket-native-common\2.0.4\junixsocket-native-common-2.0.4.jar;D:\melusine\Maven\repository\org\scijava\native-lib-loader\2.0.2\native-lib-loader-2.0.2.jar;D:\melusine\Maven\repository\com\kohlschutter\junixsocket\junixsocket-common\2.0.4\junixsocket-common-2.0.4.jar;D:\melusine\Maven\repository\net\java\dev\jna\jna-platform\4.5.2\jna-platform-4.5.2.jar;D:\melusine\Maven\repository\de\codecentric\chaos-monkey-spring-boot\2.0.0\chaos-monkey-spring-boot-2.0.0.jar;D:\melusine\Maven\repository\org\apache\commons\commons-lang3\3.7\commons-lang3-3.7.jar;D:\melusine\Maven\repository\org\hibernate\validator\hibernate-validator\6.0.10.Final\hibernate-validator-6.0.10.Final.jar;D:\melusine\Maven\repository\javax\validation\validation-api\2.0.1.Final\validation-api-2.0.1.Final.jar;D:\melusine\Maven\repository\org\jboss\logging\jboss-logging\3.3.2.Final\jboss-logging-3.3.2.Final.jar;D:\melusine\Maven\repository\commons-validator\commons-validator\1.7\commons-validator-1.7.jar;D:\melusine\Maven\repository\commons-beanutils\commons-beanutils\1.9.4\commons-beanutils-1.9.4.jar;D:\melusine\Maven\repository\commons-digester\commons-digester\2.1\commons-digester-2.1.jar;D:\melusine\Maven\repository\commons-logging\commons-logging\1.2\commons-logging-1.2.jar;D:\melusine\Maven\repository\commons-collections\commons-collections\3.2.2\commons-collections-3.2.2.jar;"/>
    <property name="java.vm.vendor" value="Oracle Corporation"/>
    <property name="sun.arch.data.model" value="64"/>
    <property name="user.variant" value=""/>
    <property name="java.vendor.url" value="http://java.oracle.com/"/>
    <property name="user.timezone" value="Europe/Berlin"/>
    <property name="java.vm.specification.version" value="1.8"/>
    <property name="os.name" value="Windows 10"/>
    <property name="user.country" value="CH"/>
    <property name="sun.java.launcher" value="SUN_STANDARD"/>
    <property name="sun.boot.library.path" value="C:\Program Files\Java\jdk1.8.0_221\jre\bin"/>
    <property name="sun.java.command" value="C:\Users\GIRAUDTH\AppData\Local\Temp\surefire59612778738875429\surefirebooter1073970034765971230.jar C:\Users\GIRAUDTH\AppData\Local\Temp\surefire59612778738875429 2022-03-15T16-51-05_733-jvmRun1 surefire3334760785303733101tmp surefire_06232537265327429055tmp"/>
    <property name="surefire.test.class.path" value="D:\Workspace\OfferTechnicalTest\target\test-classes;D:\Workspace\OfferTechnicalTest\target\classes;D:\melusine\Maven\repository\org\springframework\boot\spring-boot-starter-web\2.0.5.RELEASE\spring-boot-starter-web-2.0.5.RELEASE.jar;D:\melusine\Maven\repository\org\springframework\boot\spring-boot-starter\2.0.5.RELEASE\spring-boot-starter-2.0.5.RELEASE.jar;D:\melusine\Maven\repository\org\springframework\boot\spring-boot-starter-logging\2.0.5.RELEASE\spring-boot-starter-logging-2.0.5.RELEASE.jar;D:\melusine\Maven\repository\ch\qos\logback\logback-classic\1.2.3\logback-classic-1.2.3.jar;D:\melusine\Maven\repository\org\apache\logging\log4j\log4j-to-slf4j\2.10.0\log4j-to-slf4j-2.10.0.jar;D:\melusine\Maven\repository\org\apache\logging\log4j\log4j-api\2.10.0\log4j-api-2.10.0.jar;D:\melusine\Maven\repository\org\slf4j\jul-to-slf4j\1.7.25\jul-to-slf4j-1.7.25.jar;D:\melusine\Maven\repository\javax\annotation\javax.annotation-api\1.3.2\javax.annotation-api-1.3.2.jar;D:\melusine\Maven\repository\org\yaml\snakeyaml\1.19\snakeyaml-1.19.jar;D:\melusine\Maven\repository\org\springframework\boot\spring-boot-starter-json\2.0.5.RELEASE\spring-boot-starter-json-2.0.5.RELEASE.jar;D:\melusine\Maven\repository\com\fasterxml\jackson\datatype\jackson-datatype-jdk8\2.9.6\jackson-datatype-jdk8-2.9.6.jar;D:\melusine\Maven\repository\com\fasterxml\jackson\datatype\jackson-datatype-jsr310\2.9.6\jackson-datatype-jsr310-2.9.6.jar;D:\melusine\Maven\repository\com\fasterxml\jackson\module\jackson-module-parameter-names\2.9.6\jackson-module-parameter-names-2.9.6.jar;D:\melusine\Maven\repository\org\springframework\boot\spring-boot-starter-tomcat\2.0.5.RELEASE\spring-boot-starter-tomcat-2.0.5.RELEASE.jar;D:\melusine\Maven\repository\org\apache\tomcat\embed\tomcat-embed-core\8.5.34\tomcat-embed-core-8.5.34.jar;D:\melusine\Maven\repository\org\apache\tomcat\embed\tomcat-embed-el\8.5.34\tomcat-embed-el-8.5.34.jar;D:\melusine\Maven\repository\org\apache\tomcat\embed\tomcat-embed-websocket\8.5.34\tomcat-embed-websocket-8.5.34.jar;D:\melusine\Maven\repository\org\springframework\spring-web\5.0.9.RELEASE\spring-web-5.0.9.RELEASE.jar;D:\melusine\Maven\repository\org\springframework\spring-beans\5.0.9.RELEASE\spring-beans-5.0.9.RELEASE.jar;D:\melusine\Maven\repository\org\springframework\spring-webmvc\5.0.9.RELEASE\spring-webmvc-5.0.9.RELEASE.jar;D:\melusine\Maven\repository\org\springframework\spring-context\5.0.9.RELEASE\spring-context-5.0.9.RELEASE.jar;D:\melusine\Maven\repository\org\springframework\spring-expression\5.0.9.RELEASE\spring-expression-5.0.9.RELEASE.jar;D:\melusine\Maven\repository\org\springframework\boot\spring-boot-starter-aop\2.0.5.RELEASE\spring-boot-starter-aop-2.0.5.RELEASE.jar;D:\melusine\Maven\repository\org\springframework\spring-aop\5.0.9.RELEASE\spring-aop-5.0.9.RELEASE.jar;D:\melusine\Maven\repository\org\aspectj\aspectjweaver\1.8.13\aspectjweaver-1.8.13.jar;D:\melusine\Maven\repository\org\springframework\boot\spring-boot-starter-data-jpa\2.0.5.RELEASE\spring-boot-starter-data-jpa-2.0.5.RELEASE.jar;D:\melusine\Maven\repository\org\springframework\boot\spring-boot-starter-jdbc\2.0.5.RELEASE\spring-boot-starter-jdbc-2.0.5.RELEASE.jar;D:\melusine\Maven\repository\com\zaxxer\HikariCP\2.7.9\HikariCP-2.7.9.jar;D:\melusine\Maven\repository\org\springframework\spring-jdbc\5.0.9.RELEASE\spring-jdbc-5.0.9.RELEASE.jar;D:\melusine\Maven\repository\javax\transaction\javax.transaction-api\1.2\javax.transaction-api-1.2.jar;D:\melusine\Maven\repository\org\hibernate\hibernate-core\5.2.17.Final\hibernate-core-5.2.17.Final.jar;D:\melusine\Maven\repository\org\hibernate\javax\persistence\hibernate-jpa-2.1-api\1.0.2.Final\hibernate-jpa-2.1-api-1.0.2.Final.jar;D:\melusine\Maven\repository\org\javassist\javassist\3.22.0-GA\javassist-3.22.0-GA.jar;D:\melusine\Maven\repository\antlr\antlr\2.7.7\antlr-2.7.7.jar;D:\melusine\Maven\repository\org\jboss\jandex\2.0.3.Final\jandex-2.0.3.Final.jar;D:\melusine\Maven\repository\dom4j\dom4j\1.6.1\dom4j-1.6.1.jar;D:\melusine\Maven\repository\org\hibernate\common\hibernate-commons-annotations\5.0.1.Final\hibernate-commons-annotations-5.0.1.Final.jar;D:\melusine\Maven\repository\org\springframework\data\spring-data-jpa\2.0.10.RELEASE\spring-data-jpa-2.0.10.RELEASE.jar;D:\melusine\Maven\repository\org\springframework\data\spring-data-commons\2.0.10.RELEASE\spring-data-commons-2.0.10.RELEASE.jar;D:\melusine\Maven\repository\org\springframework\spring-orm\5.0.9.RELEASE\spring-orm-5.0.9.RELEASE.jar;D:\melusine\Maven\repository\org\springframework\spring-tx\5.0.9.RELEASE\spring-tx-5.0.9.RELEASE.jar;D:\melusine\Maven\repository\org\springframework\spring-aspects\5.0.9.RELEASE\spring-aspects-5.0.9.RELEASE.jar;D:\melusine\Maven\repository\org\springframework\boot\spring-boot-starter-actuator\2.0.5.RELEASE\spring-boot-starter-actuator-2.0.5.RELEASE.jar;D:\melusine\Maven\repository\org\springframework\boot\spring-boot-actuator-autoconfigure\2.0.5.RELEASE\spring-boot-actuator-autoconfigure-2.0.5.RELEASE.jar;D:\melusine\Maven\repository\org\springframework\boot\spring-boot-actuator\2.0.5.RELEASE\spring-boot-actuator-2.0.5.RELEASE.jar;D:\melusine\Maven\repository\io\micrometer\micrometer-core\1.0.6\micrometer-core-1.0.6.jar;D:\melusine\Maven\repository\org\hdrhistogram\HdrHistogram\2.1.10\HdrHistogram-2.1.10.jar;D:\melusine\Maven\repository\org\latencyutils\LatencyUtils\2.0.3\LatencyUtils-2.0.3.jar;D:\melusine\Maven\repository\io\micrometer\micrometer-registry-prometheus\1.0.6\micrometer-registry-prometheus-1.0.6.jar;D:\melusine\Maven\repository\io\prometheus\simpleclient_common\0.4.0\simpleclient_common-0.4.0.jar;D:\melusine\Maven\repository\io\prometheus\simpleclient\0.4.0\simpleclient-0.4.0.jar;D:\melusine\Maven\repository\org\springframework\cloud\spring-cloud-starter-netflix-hystrix\2.0.1.RELEASE\spring-cloud-starter-netflix-hystrix-2.0.1.RELEASE.jar;D:\melusine\Maven\repository\org\springframework\cloud\spring-cloud-starter\2.0.1.RELEASE\spring-cloud-starter-2.0.1.RELEASE.jar;D:\melusine\Maven\repository\org\springframework\cloud\spring-cloud-context\2.0.1.RELEASE\spring-cloud-context-2.0.1.RELEASE.jar;D:\melusine\Maven\repository\org\springframework\security\spring-security-crypto\5.0.8.RELEASE\spring-security-crypto-5.0.8.RELEASE.jar;D:\melusine\Maven\repository\org\springframework\cloud\spring-cloud-commons\2.0.1.RELEASE\spring-cloud-commons-2.0.1.RELEASE.jar;D:\melusine\Maven\repository\org\springframework\security\spring-security-rsa\1.0.5.RELEASE\spring-security-rsa-1.0.5.RELEASE.jar;D:\melusine\Maven\repository\org\bouncycastle\bcpkix-jdk15on\1.56\bcpkix-jdk15on-1.56.jar;D:\melusine\Maven\repository\org\bouncycastle\bcprov-jdk15on\1.56\bcprov-jdk15on-1.56.jar;D:\melusine\Maven\repository\org\springframework\cloud\spring-cloud-netflix-core\2.0.1.RELEASE\spring-cloud-netflix-core-2.0.1.RELEASE.jar;D:\melusine\Maven\repository\org\springframework\cloud\spring-cloud-netflix-ribbon\2.0.1.RELEASE\spring-cloud-netflix-ribbon-2.0.1.RELEASE.jar;D:\melusine\Maven\repository\org\springframework\cloud\spring-cloud-netflix-archaius\2.0.1.RELEASE\spring-cloud-netflix-archaius-2.0.1.RELEASE.jar;D:\melusine\Maven\repository\org\springframework\cloud\spring-cloud-starter-netflix-archaius\2.0.1.RELEASE\spring-cloud-starter-netflix-archaius-2.0.1.RELEASE.jar;D:\melusine\Maven\repository\com\netflix\archaius\archaius-core\0.7.6\archaius-core-0.7.6.jar;D:\melusine\Maven\repository\com\google\code\findbugs\jsr305\3.0.1\jsr305-3.0.1.jar;D:\melusine\Maven\repository\commons-configuration\commons-configuration\1.8\commons-configuration-1.8.jar;D:\melusine\Maven\repository\commons-lang\commons-lang\2.6\commons-lang-2.6.jar;D:\melusine\Maven\repository\com\netflix\hystrix\hystrix-core\1.5.12\hystrix-core-1.5.12.jar;D:\melusine\Maven\repository\io\reactivex\rxjava\1.3.8\rxjava-1.3.8.jar;D:\melusine\Maven\repository\com\netflix\hystrix\hystrix-serialization\1.5.12\hystrix-serialization-1.5.12.jar;D:\melusine\Maven\repository\com\fasterxml\jackson\module\jackson-module-afterburner\2.9.6\jackson-module-afterburner-2.9.6.jar;D:\melusine\Maven\repository\com\fasterxml\jackson\core\jackson-core\2.9.6\jackson-core-2.9.6.jar;D:\melusine\Maven\repository\com\fasterxml\jackson\core\jackson-annotations\2.9.0\jackson-annotations-2.9.0.jar;D:\melusine\Maven\repository\com\netflix\hystrix\hystrix-metrics-event-stream\1.5.12\hystrix-metrics-event-stream-1.5.12.jar;D:\melusine\Maven\repository\com\netflix\hystrix\hystrix-javanica\1.5.12\hystrix-javanica-1.5.12.jar;D:\melusine\Maven\repository\org\ow2\asm\asm\5.0.4\asm-5.0.4.jar;D:\melusine\Maven\repository\io\reactivex\rxjava-reactive-streams\1.2.1\rxjava-reactive-streams-1.2.1.jar;D:\melusine\Maven\repository\org\reactivestreams\reactive-streams\1.0.2\reactive-streams-1.0.2.jar;D:\melusine\Maven\repository\org\flywaydb\flyway-core\5.0.7\flyway-core-5.0.7.jar;D:\melusine\Maven\repository\org\springframework\boot\spring-boot-devtools\2.0.5.RELEASE\spring-boot-devtools-2.0.5.RELEASE.jar;D:\melusine\Maven\repository\org\springframework\boot\spring-boot\2.0.5.RELEASE\spring-boot-2.0.5.RELEASE.jar;D:\melusine\Maven\repository\org\springframework\boot\spring-boot-autoconfigure\2.0.5.RELEASE\spring-boot-autoconfigure-2.0.5.RELEASE.jar;D:\melusine\Maven\repository\org\springframework\boot\spring-boot-configuration-processor\2.0.5.RELEASE\spring-boot-configuration-processor-2.0.5.RELEASE.jar;D:\melusine\Maven\repository\org\springframework\boot\spring-boot-starter-test\2.0.5.RELEASE\spring-boot-starter-test-2.0.5.RELEASE.jar;D:\melusine\Maven\repository\org\springframework\boot\spring-boot-test\2.0.5.RELEASE\spring-boot-test-2.0.5.RELEASE.jar;D:\melusine\Maven\repository\org\springframework\boot\spring-boot-test-autoconfigure\2.0.5.RELEASE\spring-boot-test-autoconfigure-2.0.5.RELEASE.jar;D:\melusine\Maven\repository\com\jayway\jsonpath\json-path\2.4.0\json-path-2.4.0.jar;D:\melusine\Maven\repository\net\minidev\json-smart\2.3\json-smart-2.3.jar;D:\melusine\Maven\repository\net\minidev\accessors-smart\1.2\accessors-smart-1.2.jar;D:\melusine\Maven\repository\junit\junit\4.12\junit-4.12.jar;D:\melusine\Maven\repository\org\assertj\assertj-core\3.9.1\assertj-core-3.9.1.jar;D:\melusine\Maven\repository\org\mockito\mockito-core\2.15.0\mockito-core-2.15.0.jar;D:\melusine\Maven\repository\net\bytebuddy\byte-buddy\1.7.11\byte-buddy-1.7.11.jar;D:\melusine\Maven\repository\net\bytebuddy\byte-buddy-agent\1.7.11\byte-buddy-agent-1.7.11.jar;D:\melusine\Maven\repository\org\objenesis\objenesis\2.6\objenesis-2.6.jar;D:\melusine\Maven\repository\org\hamcrest\hamcrest-core\1.3\hamcrest-core-1.3.jar;D:\melusine\Maven\repository\org\hamcrest\hamcrest-library\1.3\hamcrest-library-1.3.jar;D:\melusine\Maven\repository\org\skyscreamer\jsonassert\1.5.0\jsonassert-1.5.0.jar;D:\melusine\Maven\repository\com\vaadin\external\google\android-json\0.0.20131108.vaadin1\android-json-0.0.20131108.vaadin1.jar;D:\melusine\Maven\repository\org\springframework\spring-core\5.0.9.RELEASE\spring-core-5.0.9.RELEASE.jar;D:\melusine\Maven\repository\org\springframework\spring-jcl\5.0.9.RELEASE\spring-jcl-5.0.9.RELEASE.jar;D:\melusine\Maven\repository\org\springframework\spring-test\5.0.9.RELEASE\spring-test-5.0.9.RELEASE.jar;D:\melusine\Maven\repository\org\xmlunit\xmlunit-core\2.5.1\xmlunit-core-2.5.1.jar;D:\melusine\Maven\repository\com\h2database\h2\1.4.197\h2-1.4.197.jar;D:\melusine\Maven\repository\mysql\mysql-connector-java\5.1.47\mysql-connector-java-5.1.47.jar;D:\melusine\Maven\repository\org\postgresql\postgresql\42.2.5\postgresql-42.2.5.jar;D:\melusine\Maven\repository\org\projectlombok\lombok\1.16.22\lombok-1.16.22.jar;D:\melusine\Maven\repository\net\logstash\logback\logstash-logback-encoder\4.9\logstash-logback-encoder-4.9.jar;D:\melusine\Maven\repository\ch\qos\logback\logback-core\1.2.3\logback-core-1.2.3.jar;D:\melusine\Maven\repository\com\fasterxml\jackson\core\jackson-databind\2.9.6\jackson-databind-2.9.6.jar;D:\melusine\Maven\repository\io\springfox\springfox-swagger2\2.9.2\springfox-swagger2-2.9.2.jar;D:\melusine\Maven\repository\io\swagger\swagger-annotations\1.5.20\swagger-annotations-1.5.20.jar;D:\melusine\Maven\repository\io\swagger\swagger-models\1.5.20\swagger-models-1.5.20.jar;D:\melusine\Maven\repository\io\springfox\springfox-spi\2.9.2\springfox-spi-2.9.2.jar;D:\melusine\Maven\repository\io\springfox\springfox-core\2.9.2\springfox-core-2.9.2.jar;D:\melusine\Maven\repository\io\springfox\springfox-schema\2.9.2\springfox-schema-2.9.2.jar;D:\melusine\Maven\repository\io\springfox\springfox-swagger-common\2.9.2\springfox-swagger-common-2.9.2.jar;D:\melusine\Maven\repository\io\springfox\springfox-spring-web\2.9.2\springfox-spring-web-2.9.2.jar;D:\melusine\Maven\repository\com\google\guava\guava\20.0\guava-20.0.jar;D:\melusine\Maven\repository\com\fasterxml\classmate\1.3.4\classmate-1.3.4.jar;D:\melusine\Maven\repository\org\slf4j\slf4j-api\1.7.25\slf4j-api-1.7.25.jar;D:\melusine\Maven\repository\org\springframework\plugin\spring-plugin-core\1.2.0.RELEASE\spring-plugin-core-1.2.0.RELEASE.jar;D:\melusine\Maven\repository\org\springframework\plugin\spring-plugin-metadata\1.2.0.RELEASE\spring-plugin-metadata-1.2.0.RELEASE.jar;D:\melusine\Maven\repository\org\mapstruct\mapstruct\1.2.0.Final\mapstruct-1.2.0.Final.jar;D:\melusine\Maven\repository\io\springfox\springfox-swagger-ui\2.9.2\springfox-swagger-ui-2.9.2.jar;D:\melusine\Maven\repository\org\testcontainers\postgresql\1.8.3\postgresql-1.8.3.jar;D:\melusine\Maven\repository\org\testcontainers\jdbc\1.8.3\jdbc-1.8.3.jar;D:\melusine\Maven\repository\org\testcontainers\database-commons\1.8.3\database-commons-1.8.3.jar;D:\melusine\Maven\repository\org\testcontainers\testcontainers\1.8.3\testcontainers-1.8.3.jar;D:\melusine\Maven\repository\org\slf4j\slf4j-ext\1.7.25\slf4j-ext-1.7.25.jar;D:\melusine\Maven\repository\org\jetbrains\annotations\15.0\annotations-15.0.jar;D:\melusine\Maven\repository\org\apache\commons\commons-compress\1.16.1\commons-compress-1.16.1.jar;D:\melusine\Maven\repository\javax\xml\bind\jaxb-api\2.3.0\jaxb-api-2.3.0.jar;D:\melusine\Maven\repository\org\rnorth\duct-tape\duct-tape\1.0.7\duct-tape-1.0.7.jar;D:\melusine\Maven\repository\org\rnorth\visible-assertions\visible-assertions\2.1.1\visible-assertions-2.1.1.jar;D:\melusine\Maven\repository\net\java\dev\jna\jna\4.5.2\jna-4.5.2.jar;D:\melusine\Maven\repository\org\rnorth\tcp-unix-socket-proxy\1.0.2\tcp-unix-socket-proxy-1.0.2.jar;D:\melusine\Maven\repository\com\kohlschutter\junixsocket\junixsocket-native-common\2.0.4\junixsocket-native-common-2.0.4.jar;D:\melusine\Maven\repository\org\scijava\native-lib-loader\2.0.2\native-lib-loader-2.0.2.jar;D:\melusine\Maven\repository\com\kohlschutter\junixsocket\junixsocket-common\2.0.4\junixsocket-common-2.0.4.jar;D:\melusine\Maven\repository\net\java\dev\jna\jna-platform\4.5.2\jna-platform-4.5.2.jar;D:\melusine\Maven\repository\de\codecentric\chaos-monkey-spring-boot\2.0.0\chaos-monkey-spring-boot-2.0.0.jar;D:\melusine\Maven\repository\org\apache\commons\commons-lang3\3.7\commons-lang3-3.7.jar;D:\melusine\Maven\repository\org\hibernate\validator\hibernate-validator\6.0.10.Final\hibernate-validator-6.0.10.Final.jar;D:\melusine\Maven\repository\javax\validation\validation-api\2.0.1.Final\validation-api-2.0.1.Final.jar;D:\melusine\Maven\repository\org\jboss\logging\jboss-logging\3.3.2.Final\jboss-logging-3.3.2.Final.jar;D:\melusine\Maven\repository\commons-validator\commons-validator\1.7\commons-validator-1.7.jar;D:\melusine\Maven\repository\commons-beanutils\commons-beanutils\1.9.4\commons-beanutils-1.9.4.jar;D:\melusine\Maven\repository\commons-digester\commons-digester\2.1\commons-digester-2.1.jar;D:\melusine\Maven\repository\commons-logging\commons-logging\1.2\commons-logging-1.2.jar;D:\melusine\Maven\repository\commons-collections\commons-collections\3.2.2\commons-collections-3.2.2.jar;"/>
    <property name="sun.cpu.endian" value="little"/>
    <property name="user.home" value="C:\Users\GIRAUDTH"/>
    <property name="user.language" value="fr"/>
    <property name="java.specification.vendor" value="Oracle Corporation"/>
    <property name="java.home" value="C:\Program Files\Java\jdk1.8.0_221\jre"/>
    <property name="basedir" value="D:\Workspace\OfferTechnicalTest"/>
    <property name="file.separator" value="\"/>
    <property name="line.separator" value="&#10;"/>
    <property name="java.vm.specification.vendor" value="Oracle Corporation"/>
    <property name="java.specification.name" value="Java Platform API Specification"/>
    <property name="java.awt.graphicsenv" value="sun.awt.Win32GraphicsEnvironment"/>
    <property name="surefire.real.class.path" value="C:\Users\GIRAUDTH\AppData\Local\Temp\surefire59612778738875429\surefirebooter1073970034765971230.jar"/>
    <property name="sun.boot.class.path" value="C:\Program Files\Java\jdk1.8.0_221\jre\lib\resources.jar;C:\Program Files\Java\jdk1.8.0_221\jre\lib\rt.jar;C:\Program Files\Java\jdk1.8.0_221\jre\lib\sunrsasign.jar;C:\Program Files\Java\jdk1.8.0_221\jre\lib\jsse.jar;C:\Program Files\Java\jdk1.8.0_221\jre\lib\jce.jar;C:\Program Files\Java\jdk1.8.0_221\jre\lib\charsets.jar;C:\Program Files\Java\jdk1.8.0_221\jre\lib\jfr.jar;C:\Program Files\Java\jdk1.8.0_221\jre\classes"/>
    <property name="user.script" value=""/>
    <property name="sun.management.compiler" value="HotSpot 64-Bit Tiered Compilers"/>
    <property name="java.runtime.version" value="1.8.0_221-b11"/>
    <property name="user.name" value="GIRAUDTH"/>
    <property name="path.separator" value=";"/>
    <property name="os.version" value="10.0"/>
    <property name="java.endorsed.dirs" value="C:\Program Files\Java\jdk1.8.0_221\jre\lib\endorsed"/>
    <property name="java.runtime.name" value="Java(TM) SE Runtime Environment"/>
    <property name="file.encoding" value="Cp1252"/>
    <property name="java.vm.name" value="Java HotSpot(TM) 64-Bit Server VM"/>
    <property name="localRepository" value="D:\melusine\Maven\repository"/>
    <property name="java.vendor.url.bug" value="http://bugreport.sun.com/bugreport/"/>
    <property name="java.io.tmpdir" value="C:\Users\GIRAUDTH\AppData\Local\Temp\"/>
    <property name="java.version" value="1.8.0_221"/>
    <property name="user.dir" value="D:\Workspace\OfferTechnicalTest"/>
    <property name="os.arch" value="amd64"/>
    <property name="java.vm.specification.name" value="Java Virtual Machine Specification"/>
    <property name="java.awt.printerjob" value="sun.awt.windows.WPrinterJob"/>
    <property name="sun.os.patch.level" value=""/>
    <property name="java.library.path" value="C:\Program Files\Java\jdk1.8.0_221\jre\bin;C:\WINDOWS\Sun\Java\bin;C:\WINDOWS\system32;C:\WINDOWS;C:\Program Files\Common Files\Oracle\Java\javapath;C:\Program Files\Java\jdk1.8.0_221\bin;C:\WINDOWS\system32;C:\WINDOWS;C:\WINDOWS\System32\Wbem;C:\WINDOWS\System32\WindowsPowerShell\v1.0\;C:\WINDOWS\System32\OpenSSH\;C:\Program Files\Git\cmd;D:\Outils\apache-maven-3.8.3\bin;C:\Program Files (x86)\Sennheiser\SenncomSDK\;C:\Program Files\PuTTY\;C:\Program Files\Docker\Docker\resources\bin;C:\ProgramData\DockerDesktop\version-bin;C:\Program Files\Common Files\ThinPrint\;C:\Users\GIRAUDTH\AppData\Local\Microsoft\WindowsApps;;."/>
    <property name="java.vm.info" value="mixed mode"/>
    <property name="java.vendor" value="Oracle Corporation"/>
    <property name="java.vm.version" value="25.221-b11"/>
    <property name="java.ext.dirs" value="C:\Program Files\Java\jdk1.8.0_221\jre\lib\ext;C:\WINDOWS\Sun\Java\lib\ext"/>
    <property name="sun.io.unicode.encoding" value="UnicodeLittle"/>
    <property name="java.class.version" value="52.0"/>
  </properties>
  <testcase name="mappingUserDTO" classname="fr.af.offerpoc.service.OfferMappingUserTest" time="0.153"/>
  <testcase name="mappingUserForm" classname="fr.af.offerpoc.service.OfferMappingUserTest" time="0.005"/>
</testsuite>